<?xml version="1.0" encoding="UTF-8"?>
<!-- Generated by org.testng.reporters.JUnitReportReporter -->
<testsuite hostname="Luckie" name="thread.ProducerConsumerSolution1" tests="1" failures="0" timestamp="8 Dec 2016 18:11:20 GMT" time="0.055" errors="0">
  <testcase name="produce_consume" time="0.055" classname="thread.ProducerConsumerSolution1"/>
</testsuite> <!-- thread.ProducerConsumerSolution1 -->
