<?xml version="1.0" encoding="UTF-8"?>
<!-- Generated by org.testng.reporters.JUnitReportReporter -->
<testsuite hostname="Luckie" name="jdbc.Emp1_main" tests="1" failures="0" timestamp="6 Dec 2016 21:05:11 GMT" time="0.394" errors="0">
  <testcase name="jd1" time="0.394" classname="jdbc.Emp1_main"/>
</testsuite> <!-- jdbc.Emp1_main -->
